<?xml version="1.0" encoding="UTF-8"?>
<testng-results ignored="0" total="1" passed="1" failed="0" skipped="0">
  <reporter-output>
  </reporter-output>
  <suite started-at="2024-12-22T18:02:14 IST" name="Suite" finished-at="2024-12-22T18:02:18 IST" duration-ms="3899">
    <groups>
    </groups>
    <test started-at="2024-12-22T18:02:14 IST" name="Test" finished-at="2024-12-22T18:02:18 IST" duration-ms="3899">
      <class name="com.avi.Selenium_2212_1745.LaunchBrowser">
        <test-method signature="shouldAnswerWithTrue()[pri:0, instance:com.avi.Selenium_2212_1745.LaunchBrowser@36902638]" started-at="2024-12-22T18:02:14 IST" name="shouldAnswerWithTrue" finished-at="2024-12-22T18:02:18 IST" duration-ms="3862" status="PASS">
          <reporter-output>
          </reporter-output>
        </test-method> <!-- shouldAnswerWithTrue -->
      </class> <!-- com.avi.Selenium_2212_1745.LaunchBrowser -->
    </test> <!-- Test -->
  </suite> <!-- Suite -->
</testng-results>
